
> youmanapp@1.0.0 build
> vite build

vite v8.0.0 building client environment for production...
[2Ktransforming...✓ 2733 modules transformed.
rendering chunks...
computing gzip size...
dist/registerSW.js                0.13 kB
dist/manifest.webmanifest         0.37 kB
dist/index.html                   0.98 kB │ gzip:   0.53 kB
dist/assets/index-S80gLjA_.css    9.42 kB │ gzip:   2.41 kB
dist/assets/index-BQhcoI9U.js   914.85 kB │ gzip: 270.95 kB

[plugin builtin:vite-reporter] 
(!) Some chunks are larger than 500 kB after minification. Consider:
- Using dynamic import() to code-split the application
- Use build.rolldownOptions.output.codeSplitting to improve chunking: https://rolldown.rs/reference/OutputOptions.codeSplitting
- Adjust chunk size limit for this warning via build.chunkSizeWarningLimit.
✗ Build failed in 1.07s

PWA v1.2.0
mode      generateSW
precache  5 entries (903.70 KiB)
files generated
  dist/sw.js
  dist/workbox-d4f8be5c.js
error during build:
Build failed with 1 error:

Error: [vite]: Rolldown failed to resolve import "react-is" from "/Users/rezalatandrang/Documents/Kantor/Pribadi/project/youmanapp/node_modules/recharts/es6/util/ReactUtils.js".
This is most likely unintended because it can break your application at runtime.
If you do want to externalize this module explicitly add it to
`build.rollupOptions.external`
    at viteLog (file:///Users/rezalatandrang/Documents/Kantor/Pribadi/project/youmanapp/node_modules/vite/dist/node/chunks/node.js:32887:57)
    at file:///Users/rezalatandrang/Documents/Kantor/Pribadi/project/youmanapp/node_modules/vite/dist/node/chunks/node.js:32923:71
    at onwarn (file:///Users/rezalatandrang/Documents/Kantor/Pribadi/project/youmanapp/node_modules/@vitejs/plugin-react/dist/index.js:40:7)
    at file:///Users/rezalatandrang/Documents/Kantor/Pribadi/project/youmanapp/node_modules/vite/dist/node/chunks/node.js:32923:28
    at onRollupLog (file:///Users/rezalatandrang/Documents/Kantor/Pribadi/project/youmanapp/node_modules/vite/dist/node/chunks/node.js:32918:63)
    at onLog (file:///Users/rezalatandrang/Documents/Kantor/Pribadi/project/youmanapp/node_modules/vite/dist/node/chunks/node.js:32688:4)
    at file:///Users/rezalatandrang/Documents/Kantor/Pribadi/project/youmanapp/node_modules/rolldown/dist/shared/rolldown-build-4YnQkA76.mjs:49:26
    at logger (file:///Users/rezalatandrang/Documents/Kantor/Pribadi/project/youmanapp/node_modules/rolldown/dist/shared/rolldown-build-4YnQkA76.mjs:40:3)
    at onLog (file:///Users/rezalatandrang/Documents/Kantor/Pribadi/project/youmanapp/node_modules/rolldown/dist/shared/bindingify-input-options-Cu7pt6SZ.mjs:1945:32)
    at aggregateBindingErrorsIntoJsError (file:///Users/rezalatandrang/Documents/Kantor/Pribadi/project/youmanapp/node_modules/rolldown/dist/shared/error-CP8smW_P.mjs:48:18)
    at unwrapBindingResult (file:///Users/rezalatandrang/Documents/Kantor/Pribadi/project/youmanapp/node_modules/rolldown/dist/shared/error-CP8smW_P.mjs:18:128)
    at #build (file:///Users/rezalatandrang/Documents/Kantor/Pribadi/project/youmanapp/node_modules/rolldown/dist/shared/rolldown-build-4YnQkA76.mjs:3311:34)
    at async buildEnvironment (file:///Users/rezalatandrang/Documents/Kantor/Pribadi/project/youmanapp/node_modules/vite/dist/node/chunks/node.js:32794:64)
    at async Object.build (file:///Users/rezalatandrang/Documents/Kantor/Pribadi/project/youmanapp/node_modules/vite/dist/node/chunks/node.js:33216:19)
    at async Object.buildApp (file:///Users/rezalatandrang/Documents/Kantor/Pribadi/project/youmanapp/node_modules/vite/dist/node/chunks/node.js:33213:153)
    at async CAC.<anonymous> (file:///Users/rezalatandrang/Documents/Kantor/Pribadi/project/youmanapp/node_modules/vite/dist/node/cli.js:778:3) {
  errors: [Getter/Setter]
}
